Started GET "/" for 127.0.0.1 at 2018-02-22 12:02:26 +0100
Processing by HomeController#index as HTML
  Rendering home/index.html.erb within layouts/application
  Rendered home/index.html.erb within layouts/application (2.8ms)
Completed 200 OK in 2107ms (Views: 1747.9ms)


  [1m[35m (0.1ms)[0m  [1m[34mSELECT sqlite_version(*)[0m
  [1m[35m (39.1ms)[0m  [1m[35mCREATE TABLE "schema_migrations" ("version" varchar NOT NULL PRIMARY KEY)[0m
  [1m[35m (19.7ms)[0m  [1m[35mCREATE TABLE "ar_internal_metadata" ("key" varchar NOT NULL PRIMARY KEY, "value" varchar, "created_at" datetime NOT NULL, "updated_at" datetime NOT NULL)[0m
  [1m[35m (0.2ms)[0m  [1m[34mSELECT "schema_migrations"."version" FROM "schema_migrations" ORDER BY "schema_migrations"."version" ASC[0m
Migrating to DeviseCreateUsers (20180222110416)
  [1m[35m (0.1ms)[0m  [1m[36mbegin transaction[0m
  [1m[35m (2.6ms)[0m  [1m[35mCREATE TABLE "users" ("id" INTEGER PRIMARY KEY AUTOINCREMENT NOT NULL, "email" varchar DEFAULT '' NOT NULL, "encrypted_password" varchar DEFAULT '' NOT NULL, "reset_password_token" varchar, "reset_password_sent_at" datetime, "remember_created_at" datetime, "sign_in_count" integer DEFAULT 0 NOT NULL, "current_sign_in_at" datetime, "last_sign_in_at" datetime, "current_sign_in_ip" varchar, "last_sign_in_ip" varchar, "created_at" datetime NOT NULL, "updated_at" datetime NOT NULL)[0m
  [1m[35m (0.4ms)[0m  [1m[35mCREATE UNIQUE INDEX "index_users_on_email" ON "users" ("email")[0m
  [1m[35m (0.1ms)[0m  [1m[34m            SELECT sql
            FROM sqlite_master
            WHERE name='index_users_on_email' AND type='index'
            UNION ALL
            SELECT sql
            FROM sqlite_temp_master
            WHERE name='index_users_on_email' AND type='index'
[0m
  [1m[35m (0.2ms)[0m  [1m[35mCREATE UNIQUE INDEX "index_users_on_reset_password_token" ON "users" ("reset_password_token")[0m
  [1m[35mSQL (0.6ms)[0m  [1m[32mINSERT INTO "schema_migrations" ("version") VALUES (?)[0m  [["version", "20180222110416"]]
  [1m[35m (31.5ms)[0m  [1m[36mcommit transaction[0m
  [1m[36mActiveRecord::InternalMetadata Load (0.7ms)[0m  [1m[34mSELECT  "ar_internal_metadata".* FROM "ar_internal_metadata" WHERE "ar_internal_metadata"."key" = ? LIMIT ?[0m  [["key", "environment"], ["LIMIT", 1]]
  [1m[35m (0.1ms)[0m  [1m[36mbegin transaction[0m
  [1m[35mSQL (2.4ms)[0m  [1m[32mINSERT INTO "ar_internal_metadata" ("key", "value", "created_at", "updated_at") VALUES (?, ?, ?, ?)[0m  [["key", "environment"], ["value", "development"], ["created_at", "2018-02-22 11:04:33.878626"], ["updated_at", "2018-02-22 11:04:33.878626"]]
  [1m[35m (28.5ms)[0m  [1m[36mcommit transaction[0m
  [1m[35m (0.3ms)[0m  [1m[34mSELECT "schema_migrations"."version" FROM "schema_migrations" ORDER BY "schema_migrations"."version" ASC[0m
  [1m[35m (0.3ms)[0m  [1m[34m            SELECT sql
            FROM sqlite_master
            WHERE name='index_users_on_reset_password_token' AND type='index'
            UNION ALL
            SELECT sql
            FROM sqlite_temp_master
            WHERE name='index_users_on_reset_password_token' AND type='index'
[0m
  [1m[35m (0.1ms)[0m  [1m[34m            SELECT sql
            FROM sqlite_master
            WHERE name='index_users_on_email' AND type='index'
            UNION ALL
            SELECT sql
            FROM sqlite_temp_master
            WHERE name='index_users_on_email' AND type='index'
[0m
Started GET "/" for 127.0.0.1 at 2018-02-22 12:21:53 +0100
  [1m[35m (0.7ms)[0m  [1m[34mSELECT "schema_migrations"."version" FROM "schema_migrations" ORDER BY "schema_migrations"."version" ASC[0m
Processing by HomeController#index as HTML
  Rendering home/index.html.erb within layouts/application
  Rendered home/index.html.erb within layouts/application (5.5ms)
Completed 200 OK in 308ms (Views: 299.5ms | ActiveRecord: 0.0ms)


Started GET "/users/sign_up" for 127.0.0.1 at 2018-02-22 12:21:56 +0100
Processing by Devise::RegistrationsController#new as HTML
  Rendering /home/adrien/.rvm/gems/ruby-2.3.4/gems/devise-4.4.1/app/views/devise/registrations/new.html.erb within layouts/application
  Rendered /home/adrien/.rvm/gems/ruby-2.3.4/gems/devise-4.4.1/app/views/devise/shared/_links.html.erb (1.8ms)
  Rendered /home/adrien/.rvm/gems/ruby-2.3.4/gems/devise-4.4.1/app/views/devise/registrations/new.html.erb within layouts/application (133.8ms)
Completed 200 OK in 191ms (Views: 164.8ms | ActiveRecord: 1.1ms)


Started GET "/" for 127.0.0.1 at 2018-02-22 13:00:00 +0100
  [1m[35m (0.2ms)[0m  [1m[34mSELECT "schema_migrations"."version" FROM "schema_migrations" ORDER BY "schema_migrations"."version" ASC[0m
Processing by HomeController#index as HTML
  Rendering home/index.html.erb within layouts/application
  Rendered home/index.html.erb within layouts/application (8.5ms)
Completed 200 OK in 335ms (Views: 327.9ms | ActiveRecord: 0.0ms)


Started GET "/users/sign_in" for 127.0.0.1 at 2018-02-22 13:00:10 +0100
Processing by Devise::SessionsController#new as HTML
  Rendering /home/triqueneaux/.rvm/gems/ruby-2.3.4/gems/devise-4.4.1/app/views/devise/sessions/new.html.erb within layouts/application
  Rendered /home/triqueneaux/.rvm/gems/ruby-2.3.4/gems/devise-4.4.1/app/views/devise/shared/_links.html.erb (2.9ms)
  Rendered /home/triqueneaux/.rvm/gems/ruby-2.3.4/gems/devise-4.4.1/app/views/devise/sessions/new.html.erb within layouts/application (39.9ms)
Completed 200 OK in 92ms (Views: 59.8ms | ActiveRecord: 3.6ms)


Started GET "/users/sign_up" for 127.0.0.1 at 2018-02-22 13:00:12 +0100
Processing by Devise::RegistrationsController#new as HTML
  Rendering /home/triqueneaux/.rvm/gems/ruby-2.3.4/gems/devise-4.4.1/app/views/devise/registrations/new.html.erb within layouts/application
  Rendered /home/triqueneaux/.rvm/gems/ruby-2.3.4/gems/devise-4.4.1/app/views/devise/shared/_links.html.erb (1.0ms)
  Rendered /home/triqueneaux/.rvm/gems/ruby-2.3.4/gems/devise-4.4.1/app/views/devise/registrations/new.html.erb within layouts/application (6.2ms)
Completed 200 OK in 63ms (Views: 61.0ms | ActiveRecord: 0.0ms)


Started GET "/" for 127.0.0.1 at 2018-02-22 13:00:50 +0100
Processing by HomeController#index as HTML
  Rendering home/index.html.erb within layouts/application
  Rendered home/index.html.erb within layouts/application (0.6ms)
Completed 200 OK in 24ms (Views: 22.6ms | ActiveRecord: 0.0ms)


Started GET "/" for 127.0.0.1 at 2018-02-22 13:01:49 +0100
Processing by HomeController#index as HTML
  Rendering home/index.html.erb within layouts/application
  Rendered home/index.html.erb within layouts/application (0.8ms)
Completed 200 OK in 33ms (Views: 31.7ms | ActiveRecord: 0.0ms)


Started GET "/" for 127.0.0.1 at 2018-02-22 13:05:44 +0100
Processing by HomeController#index as HTML
  Rendering home/index.html.erb within layouts/application
  Rendered home/index.html.erb within layouts/application (1.4ms)
Completed 200 OK in 26ms (Views: 25.4ms | ActiveRecord: 0.0ms)


Started GET "/" for 127.0.0.1 at 2018-02-22 13:06:37 +0100
Processing by HomeController#index as HTML
  Rendering home/index.html.erb within layouts/application
  Rendered home/index.html.erb within layouts/application (3.4ms)
Completed 200 OK in 36ms (Views: 34.6ms | ActiveRecord: 0.0ms)


Started GET "/" for 127.0.0.1 at 2018-02-22 13:08:26 +0100
Processing by HomeController#index as HTML
  Rendering home/index.html.erb within layouts/application
  Rendered home/index.html.erb within layouts/application (1.2ms)
Completed 200 OK in 35ms (Views: 33.6ms | ActiveRecord: 0.0ms)


Started GET "/" for 127.0.0.1 at 2018-02-22 13:10:23 +0100
Processing by HomeController#index as HTML
  Rendering home/index.html.erb within layouts/application
  Rendered home/index.html.erb within layouts/application (1.1ms)
Completed 401 Unauthorized in 4ms (ActiveRecord: 0.0ms)


  
SyntaxError (/home/triqueneaux/THP/jour32/LandingPageGroupe/app/views/home/index.html.erb:22: syntax error, unexpected ')', expecting =>
...elete, { :class=>"nav-link" } );@output_buffer.safe_append='
...                               ^
/home/triqueneaux/THP/jour32/LandingPageGroupe/app/views/home/index.html.erb:24: syntax error, unexpected keyword_else, expecting ')'
'.freeze;				 else 
         				     ^
/home/triqueneaux/THP/jour32/LandingPageGroupe/app/views/home/index.html.erb:31: syntax error, unexpected keyword_end, expecting ')'
'.freeze;				 end 
         				    ^
/home/triqueneaux/THP/jour32/LandingPageGroupe/app/views/home/index.html.erb:178: syntax error, unexpected keyword_ensure, expecting ')'
/home/triqueneaux/THP/jour32/LandingPageGroupe/app/views/home/index.html.erb:180: syntax error, unexpected keyword_end, expecting ')'):
  
app/views/home/index.html.erb:22: syntax error, unexpected ')', expecting =>
app/views/home/index.html.erb:24: syntax error, unexpected keyword_else, expecting ')'
app/views/home/index.html.erb:31: syntax error, unexpected keyword_end, expecting ')'
app/views/home/index.html.erb:178: syntax error, unexpected keyword_ensure, expecting ')'
app/views/home/index.html.erb:180: syntax error, unexpected keyword_end, expecting ')'
Started GET "/" for 127.0.0.1 at 2018-02-22 13:10:45 +0100
Processing by HomeController#index as HTML
  Rendering home/index.html.erb within layouts/application
  Rendered home/index.html.erb within layouts/application (1.0ms)
Completed 200 OK in 19ms (Views: 18.3ms | ActiveRecord: 0.0ms)


Started GET "/" for 127.0.0.1 at 2018-02-22 13:10:54 +0100
Processing by HomeController#index as HTML
  Rendering home/index.html.erb within layouts/application
  Rendered home/index.html.erb within layouts/application (1.0ms)
Completed 200 OK in 29ms (Views: 23.6ms | ActiveRecord: 0.0ms)


Started GET "/users/sign_in" for 127.0.0.1 at 2018-02-22 13:11:04 +0100
Processing by Devise::SessionsController#new as HTML
  Rendering /home/triqueneaux/.rvm/gems/ruby-2.3.4/gems/devise-4.4.1/app/views/devise/sessions/new.html.erb within layouts/application
  Rendered /home/triqueneaux/.rvm/gems/ruby-2.3.4/gems/devise-4.4.1/app/views/devise/shared/_links.html.erb (1.2ms)
  Rendered /home/triqueneaux/.rvm/gems/ruby-2.3.4/gems/devise-4.4.1/app/views/devise/sessions/new.html.erb within layouts/application (7.2ms)
Completed 200 OK in 26ms (Views: 24.9ms | ActiveRecord: 0.0ms)


Started GET "/users/sign_in" for 127.0.0.1 at 2018-02-22 13:11:15 +0100
Processing by Devise::SessionsController#new as HTML
  Rendering /home/triqueneaux/.rvm/gems/ruby-2.3.4/gems/devise-4.4.1/app/views/devise/sessions/new.html.erb within layouts/application
  Rendered /home/triqueneaux/.rvm/gems/ruby-2.3.4/gems/devise-4.4.1/app/views/devise/shared/_links.html.erb (0.9ms)
  Rendered /home/triqueneaux/.rvm/gems/ruby-2.3.4/gems/devise-4.4.1/app/views/devise/sessions/new.html.erb within layouts/application (5.4ms)
Completed 200 OK in 35ms (Views: 33.8ms | ActiveRecord: 0.0ms)


Started GET "/" for 127.0.0.1 at 2018-02-22 13:14:07 +0100
Processing by HomeController#index as HTML
  Rendering home/index.html.erb within layouts/application
  Rendered home/index.html.erb within layouts/application (1.0ms)
Completed 200 OK in 47ms (Views: 46.2ms | ActiveRecord: 0.0ms)


Started GET "/" for 127.0.0.1 at 2018-02-22 13:14:23 +0100
Processing by HomeController#index as HTML
  Rendering home/index.html.erb within layouts/application
  Rendered home/index.html.erb within layouts/application (1.0ms)
Completed 200 OK in 32ms (Views: 30.8ms | ActiveRecord: 0.0ms)


Started GET "/" for 127.0.0.1 at 2018-02-22 13:24:58 +0100
  [1m[35m (0.1ms)[0m  [1m[34mSELECT "schema_migrations"."version" FROM "schema_migrations" ORDER BY "schema_migrations"."version" ASC[0m
Processing by HomeController#index as HTML
  Rendering home/index.html.erb within layouts/application
  Rendered home/index.html.erb within layouts/application (6.8ms)
Completed 200 OK in 317ms (Views: 309.4ms | ActiveRecord: 0.0ms)


Started GET "/" for 127.0.0.1 at 2018-02-22 13:25:09 +0100
Processing by HomeController#index as HTML
  Rendering home/index.html.erb within layouts/application
  Rendered home/index.html.erb within layouts/application (1.3ms)
Completed 200 OK in 20ms (Views: 19.1ms | ActiveRecord: 0.0ms)


Started GET "/" for 127.0.0.1 at 2018-02-22 13:25:32 +0100
Processing by HomeController#index as HTML
  Rendering home/index.html.erb within layouts/application
  Rendered home/index.html.erb within layouts/application (1.4ms)
Completed 200 OK in 28ms (Views: 26.6ms | ActiveRecord: 0.0ms)


Started GET "/users/sign_in" for 127.0.0.1 at 2018-02-22 13:25:44 +0100
Processing by Devise::SessionsController#new as HTML
  Rendering devise/sessions/new.html.erb within layouts/application
  Rendered devise/shared/_links.html.erb (2.7ms)
  Rendered devise/sessions/new.html.erb within layouts/application (28.8ms)
Completed 200 OK in 101ms (Views: 52.1ms | ActiveRecord: 1.2ms)


Started GET "/users/sign_up" for 127.0.0.1 at 2018-02-22 13:25:47 +0100
Processing by Devise::RegistrationsController#new as HTML
  Rendering devise/registrations/new.html.erb within layouts/application
  Rendered devise/shared/_links.html.erb (1.6ms)
  Rendered devise/registrations/new.html.erb within layouts/application (7.0ms)
Completed 200 OK in 51ms (Views: 50.2ms | ActiveRecord: 0.0ms)


Started GET "/users/sign_up" for 127.0.0.1 at 2018-02-22 13:27:34 +0100
Processing by Devise::RegistrationsController#new as HTML
  Rendering devise/registrations/new.html.erb within layouts/application
  Rendered devise/shared/_links.html.erb (1.7ms)
  Rendered devise/registrations/new.html.erb within layouts/application (5.0ms)
Completed 200 OK in 51ms (Views: 49.6ms | ActiveRecord: 0.0ms)


Started GET "/users/sign_up" for 127.0.0.1 at 2018-02-22 13:27:50 +0100
Processing by Devise::RegistrationsController#new as HTML
  Rendering devise/registrations/new.html.erb within layouts/application
  Rendered devise/shared/_links.html.erb (1.1ms)
  Rendered devise/registrations/new.html.erb within layouts/application (3.2ms)
Completed 200 OK in 38ms (Views: 37.4ms | ActiveRecord: 0.0ms)


Started GET "/users/sign_up" for 127.0.0.1 at 2018-02-22 13:28:13 +0100
Processing by Devise::RegistrationsController#new as HTML
  Rendering devise/registrations/new.html.erb within layouts/application
  Rendered devise/shared/_links.html.erb (2.8ms)
  Rendered devise/registrations/new.html.erb within layouts/application (7.3ms)
Completed 200 OK in 47ms (Views: 46.0ms | ActiveRecord: 0.0ms)


Started GET "/users/sign_up" for 127.0.0.1 at 2018-02-22 13:28:29 +0100
Processing by Devise::RegistrationsController#new as HTML
  Rendering devise/registrations/new.html.erb within layouts/application
  Rendered devise/shared/_links.html.erb (1.2ms)
  Rendered devise/registrations/new.html.erb within layouts/application (3.6ms)
Completed 200 OK in 36ms (Views: 34.4ms | ActiveRecord: 0.0ms)


Started GET "/users/sign_up" for 127.0.0.1 at 2018-02-22 13:29:01 +0100
Processing by Devise::RegistrationsController#new as HTML
  Rendering devise/registrations/new.html.erb within layouts/application
  Rendered devise/shared/_links.html.erb (0.8ms)
  Rendered devise/registrations/new.html.erb within layouts/application (2.8ms)
Completed 200 OK in 35ms (Views: 33.6ms | ActiveRecord: 0.0ms)


Started GET "/users/sign_up" for 127.0.0.1 at 2018-02-22 13:29:57 +0100
Processing by Devise::RegistrationsController#new as HTML
  Rendering devise/registrations/new.html.erb within layouts/application
  Rendered devise/shared/_links.html.erb (1.0ms)
  Rendered devise/registrations/new.html.erb within layouts/application (3.1ms)
Completed 200 OK in 25ms (Views: 24.3ms | ActiveRecord: 0.0ms)


Started GET "/" for 127.0.0.1 at 2018-02-22 13:49:50 +0100
Processing by HomeController#index as HTML
  Rendering home/index.html.erb within layouts/application
  Rendered home/index.html.erb within layouts/application (2.0ms)
Completed 200 OK in 47ms (Views: 45.7ms | ActiveRecord: 0.0ms)


Started GET "/users/sign_in" for 127.0.0.1 at 2018-02-22 13:50:00 +0100
Processing by Devise::SessionsController#new as HTML
  Rendering devise/sessions/new.html.erb within layouts/application
  Rendered devise/shared/_links.html.erb (1.3ms)
  Rendered devise/sessions/new.html.erb within layouts/application (7.4ms)
Completed 200 OK in 63ms (Views: 57.9ms | ActiveRecord: 0.0ms)


Started GET "/users/sign_up" for 127.0.0.1 at 2018-02-22 13:50:04 +0100
Processing by Devise::RegistrationsController#new as HTML
  Rendering devise/registrations/new.html.erb within layouts/application
  Rendered devise/shared/_links.html.erb (1.1ms)
  Rendered devise/registrations/new.html.erb within layouts/application (3.5ms)
Completed 200 OK in 79ms (Views: 74.9ms | ActiveRecord: 0.0ms)


Started GET "/" for 127.0.0.1 at 2018-02-22 13:51:36 +0100
Processing by HomeController#index as HTML
  Rendering home/index.html.erb within layouts/application
  Rendered home/index.html.erb within layouts/application (1.2ms)
Completed 200 OK in 50ms (Views: 46.4ms | ActiveRecord: 0.0ms)


Started GET "/" for 127.0.0.1 at 2018-02-22 13:58:16 +0100
Processing by HomeController#index as HTML
  Rendering home/index.html.erb within layouts/application
  Rendered home/index.html.erb within layouts/application (1.6ms)
Completed 200 OK in 50ms (Views: 48.8ms | ActiveRecord: 0.0ms)


Started GET "/users/sign_in" for 127.0.0.1 at 2018-02-22 13:58:21 +0100
Processing by Devise::SessionsController#new as HTML
  Rendering devise/sessions/new.html.erb within layouts/application
  Rendered devise/shared/_links.html.erb (1.2ms)
  Rendered devise/sessions/new.html.erb within layouts/application (6.9ms)
Completed 200 OK in 39ms (Views: 36.0ms | ActiveRecord: 0.0ms)


Started GET "/users/sign_up" for 127.0.0.1 at 2018-02-22 13:58:24 +0100
Processing by Devise::RegistrationsController#new as HTML
  Rendering devise/registrations/new.html.erb within layouts/application
  Rendered devise/shared/_links.html.erb (1.0ms)
  Rendered devise/registrations/new.html.erb within layouts/application (4.7ms)
Completed 200 OK in 43ms (Views: 40.1ms | ActiveRecord: 0.0ms)


Started GET "/" for 127.0.0.1 at 2018-02-22 14:24:00 +0100
  [1m[35m (0.2ms)[0m  [1m[34mSELECT "schema_migrations"."version" FROM "schema_migrations" ORDER BY "schema_migrations"."version" ASC[0m
Processing by HomeController#index as HTML
  Rendering home/index.html.erb within layouts/application
  Rendered home/index.html.erb within layouts/application (5.7ms)
Completed 200 OK in 459ms (Views: 452.2ms | ActiveRecord: 0.0ms)


Started GET "/users/sign_up" for 127.0.0.1 at 2018-02-22 14:24:09 +0100
Processing by Devise::RegistrationsController#new as HTML
  Rendering devise/registrations/new.html.erb within layouts/application
  Rendered devise/shared/_links.html.erb (1.6ms)
  Rendered devise/registrations/new.html.erb within layouts/application (18.9ms)
Completed 200 OK in 90ms (Views: 42.7ms | ActiveRecord: 1.2ms)


Started GET "/users/sign_in" for 127.0.0.1 at 2018-02-22 14:24:17 +0100
Processing by Devise::SessionsController#new as HTML
  Rendering devise/sessions/new.html.erb within layouts/application
  Rendered devise/shared/_links.html.erb (3.1ms)
  Rendered devise/sessions/new.html.erb within layouts/application (27.0ms)
Completed 200 OK in 75ms (Views: 65.2ms | ActiveRecord: 0.0ms)


Started GET "/users/sign_up" for 127.0.0.1 at 2018-02-22 14:24:20 +0100
Processing by Devise::RegistrationsController#new as HTML
  Rendering devise/registrations/new.html.erb within layouts/application
  Rendered devise/shared/_links.html.erb (2.9ms)
  Rendered devise/registrations/new.html.erb within layouts/application (10.4ms)
Completed 200 OK in 101ms (Views: 99.7ms | ActiveRecord: 0.0ms)


Started GET "/users/sign_up" for 127.0.0.1 at 2018-02-22 14:30:35 +0100
Processing by Devise::RegistrationsController#new as HTML
  Rendering devise/registrations/new.html.erb within layouts/application
  Rendered devise/shared/_links.html.erb (5.3ms)
  Rendered devise/registrations/new.html.erb within layouts/application (1338.2ms)
Completed 401 Unauthorized in 1351ms (ActiveRecord: 0.0ms)


  
ActionView::Template::Error (undefined local variable or method `f' for #<#<Class:0x007fdf041eb410>:0x007fdf0428ed90>):
    18: 
    19: 
    20: <div class="field">
    21:   <%= f.label :password %>
    22:   <% if @minimum_password_length %>
    23:   <em>(<%= @minimum_password_length %> characters minimum)</em>
    24:   <% end %><br />
  
app/views/devise/registrations/new.html.erb:21:in `_app_views_devise_registrations_new_html_erb__2210175983475572505_70297912110260'
Started GET "/users/sign_up" for 127.0.0.1 at 2018-02-22 14:31:50 +0100
Processing by Devise::RegistrationsController#new as HTML
  Rendering devise/registrations/new.html.erb within layouts/application
  Rendered devise/shared/_links.html.erb (4.5ms)
  Rendered devise/registrations/new.html.erb within layouts/application (13.3ms)
Completed 200 OK in 82ms (Views: 80.5ms | ActiveRecord: 0.0ms)


Started GET "/users/sign_up" for 127.0.0.1 at 2018-02-22 14:31:57 +0100
Processing by Devise::RegistrationsController#new as HTML
  Rendering devise/registrations/new.html.erb within layouts/application
  Rendered devise/shared/_links.html.erb (1.7ms)
  Rendered devise/registrations/new.html.erb within layouts/application (5.0ms)
Completed 200 OK in 37ms (Views: 35.9ms | ActiveRecord: 0.0ms)


Started GET "/users/sign_in" for 127.0.0.1 at 2018-02-22 14:38:37 +0100
  [1m[35m (0.5ms)[0m  [1m[34mSELECT "schema_migrations"."version" FROM "schema_migrations" ORDER BY "schema_migrations"."version" ASC[0m
Processing by Devise::SessionsController#new as HTML
  Rendering devise/sessions/new.html.erb within layouts/application
  Rendered devise/shared/_links.html.erb (3.0ms)
  Rendered devise/sessions/new.html.erb within layouts/application (17.1ms)
  Rendered layouts/_head.html.erb (268.1ms)
Completed 200 OK in 357ms (Views: 313.9ms | ActiveRecord: 2.0ms)


Started GET "/users/sign_in" for 127.0.0.1 at 2018-02-22 14:39:12 +0100
Processing by Devise::SessionsController#new as HTML
  Rendering devise/sessions/new.html.erb within layouts/application
  Rendered devise/shared/_links.html.erb (1.2ms)
  Rendered devise/sessions/new.html.erb within layouts/application (15.9ms)
  Rendered layouts/_head.html.erb (36.7ms)
Completed 200 OK in 62ms (Views: 60.9ms | ActiveRecord: 0.0ms)


Started GET "/users/sign_in" for 127.0.0.1 at 2018-02-22 14:39:42 +0100
Processing by Devise::SessionsController#new as HTML
  Rendering devise/sessions/new.html.erb within layouts/application
  Rendered devise/shared/_links.html.erb (1.2ms)
  Rendered devise/sessions/new.html.erb within layouts/application (20.3ms)
  Rendered layouts/_head.html.erb (25.5ms)
Completed 200 OK in 54ms (Views: 53.0ms | ActiveRecord: 0.0ms)


Started GET "/users/sign_in" for 127.0.0.1 at 2018-02-22 14:39:57 +0100
Processing by Devise::SessionsController#new as HTML
  Rendering devise/sessions/new.html.erb within layouts/application
  Rendered devise/shared/_links.html.erb (1.2ms)
  Rendered devise/sessions/new.html.erb within layouts/application (3.8ms)
  Rendered layouts/_head.html.erb (18.9ms)
Completed 200 OK in 38ms (Views: 31.1ms | ActiveRecord: 0.0ms)


Started GET "/users/sign_in" for 127.0.0.1 at 2018-02-22 14:40:05 +0100
Processing by Devise::SessionsController#new as HTML
  Rendering devise/sessions/new.html.erb within layouts/application
  Rendered devise/shared/_links.html.erb (12.0ms)
  Rendered devise/sessions/new.html.erb within layouts/application (18.6ms)
  Rendered layouts/_head.html.erb (68.2ms)
Completed 200 OK in 94ms (Views: 92.8ms | ActiveRecord: 0.0ms)


Started GET "/users/sign_in" for 127.0.0.1 at 2018-02-22 14:40:19 +0100
Processing by Devise::SessionsController#new as HTML
  Rendering devise/sessions/new.html.erb within layouts/application
  Rendered devise/shared/_links.html.erb (2.6ms)
  Rendered devise/sessions/new.html.erb within layouts/application (6.9ms)
  Rendered layouts/_head.html.erb (28.2ms)
Completed 200 OK in 45ms (Views: 44.0ms | ActiveRecord: 0.0ms)


Started GET "/users/sign_in" for 127.0.0.1 at 2018-02-22 14:40:25 +0100
Processing by Devise::SessionsController#new as HTML
  Rendering devise/sessions/new.html.erb within layouts/application
  Rendered devise/shared/_links.html.erb (0.9ms)
  Rendered devise/sessions/new.html.erb within layouts/application (6.2ms)
  Rendered layouts/_head.html.erb (61.0ms)
Completed 200 OK in 74ms (Views: 73.4ms | ActiveRecord: 0.0ms)


Started GET "/users/sign_in" for 127.0.0.1 at 2018-02-22 14:40:59 +0100
  [1m[35m (0.3ms)[0m  [1m[34mSELECT "schema_migrations"."version" FROM "schema_migrations" ORDER BY "schema_migrations"."version" ASC[0m
Processing by Devise::SessionsController#new as HTML
  Rendering devise/sessions/new.html.erb within layouts/application
  Rendered devise/shared/_links.html.erb (1.7ms)
  Rendered devise/sessions/new.html.erb within layouts/application (13.3ms)
  Rendered layouts/_head.html.erb (435.5ms)
Completed 200 OK in 507ms (Views: 470.0ms | ActiveRecord: 0.9ms)


Started GET "/users/sign_in" for 127.0.0.1 at 2018-02-22 14:41:21 +0100
Processing by Devise::SessionsController#new as HTML
  Rendering devise/sessions/new.html.erb within layouts/application
  Rendered devise/shared/_links.html.erb (1.3ms)
  Rendered devise/sessions/new.html.erb within layouts/application (5.5ms)
  Rendered layouts/_head.html.erb (22.6ms)
Completed 200 OK in 40ms (Views: 38.7ms | ActiveRecord: 0.0ms)


Started GET "/users/sign_in" for 127.0.0.1 at 2018-02-22 14:41:32 +0100
Processing by Devise::SessionsController#new as HTML
  Rendering devise/sessions/new.html.erb within layouts/application
  Rendered devise/shared/_links.html.erb (1.5ms)
  Rendered devise/sessions/new.html.erb within layouts/application (6.1ms)
  Rendered layouts/_head.html.erb (21.4ms)
Completed 200 OK in 38ms (Views: 36.2ms | ActiveRecord: 0.0ms)


Started GET "/users/sign_in" for 127.0.0.1 at 2018-02-22 14:43:48 +0100
Processing by Devise::SessionsController#new as HTML
  Rendering devise/sessions/new.html.erb within layouts/application
  Rendered devise/shared/_links.html.erb (3.2ms)
  Rendered devise/sessions/new.html.erb within layouts/application (6.3ms)
  Rendered layouts/_head.html.erb (22.5ms)
Completed 200 OK in 40ms (Views: 39.2ms | ActiveRecord: 0.0ms)


Started GET "/users/sign_in" for 127.0.0.1 at 2018-02-22 14:45:11 +0100
Processing by Devise::SessionsController#new as HTML
  Rendering devise/sessions/new.html.erb within layouts/application
  Rendered devise/shared/_links.html.erb (1.3ms)
  Rendered devise/sessions/new.html.erb within layouts/application (10.5ms)
  Rendered layouts/_head.html.erb (58.1ms)
Completed 200 OK in 82ms (Views: 80.8ms | ActiveRecord: 0.0ms)


Started GET "/users/sign_in" for 127.0.0.1 at 2018-02-22 14:46:44 +0100
Processing by Devise::SessionsController#new as HTML
  Rendering devise/sessions/new.html.erb within layouts/application
  Rendered devise/shared/_links.html.erb (1.3ms)
  Rendered devise/sessions/new.html.erb within layouts/application (5.7ms)
  Rendered layouts/_head.html.erb (245.6ms)
Completed 200 OK in 266ms (Views: 262.4ms | ActiveRecord: 0.0ms)


Started GET "/" for 127.0.0.1 at 2018-02-22 14:46:50 +0100
Processing by HomeController#index as HTML
  Rendering home/index.html.erb within layouts/application
  Rendered home/index.html.erb within layouts/application (1.6ms)
  Rendered layouts/_head.html.erb (51.7ms)
Completed 200 OK in 67ms (Views: 65.9ms | ActiveRecord: 0.0ms)


Started GET "/" for 127.0.0.1 at 2018-02-22 14:47:18 +0100
Processing by HomeController#index as HTML
  Rendering home/index.html.erb within layouts/application
  Rendered home/index.html.erb within layouts/application (8.6ms)
  Rendered layouts/_head.html.erb (56.1ms)
Completed 200 OK in 74ms (Views: 72.8ms | ActiveRecord: 0.0ms)


Started GET "/" for 127.0.0.1 at 2018-02-22 14:48:52 +0100
Processing by HomeController#index as HTML
  Rendering home/index.html.erb within layouts/application
  Rendered home/index.html.erb within layouts/application (1.5ms)
  Rendered layouts/_head.html.erb (37.0ms)
Completed 200 OK in 48ms (Views: 46.4ms | ActiveRecord: 0.0ms)


Started GET "/" for 127.0.0.1 at 2018-02-22 14:49:35 +0100
Processing by HomeController#index as HTML
  Rendering home/index.html.erb within layouts/application
  Rendered home/index.html.erb within layouts/application (2.4ms)
  Rendered layouts/_head.html.erb (41.1ms)
Completed 200 OK in 50ms (Views: 48.8ms | ActiveRecord: 0.0ms)


Started GET "/" for 127.0.0.1 at 2018-02-22 14:49:49 +0100
Processing by HomeController#index as HTML
  Rendering home/index.html.erb within layouts/application
  Rendered home/index.html.erb within layouts/application (1.2ms)
  Rendered layouts/_head.html.erb (74.2ms)
Completed 200 OK in 88ms (Views: 86.8ms | ActiveRecord: 0.0ms)


Started GET "/" for 127.0.0.1 at 2018-02-22 14:50:48 +0100
Processing by HomeController#index as HTML
  Rendering home/index.html.erb within layouts/application
  Rendered home/index.html.erb within layouts/application (4.3ms)
  Rendered layouts/_head.html.erb (47.2ms)
Completed 200 OK in 68ms (Views: 66.5ms | ActiveRecord: 0.0ms)


Started GET "/" for 127.0.0.1 at 2018-02-22 14:51:27 +0100
Processing by HomeController#index as HTML
  Rendering home/index.html.erb within layouts/application
  Rendered home/index.html.erb within layouts/application (1.4ms)
  Rendered layouts/_head.html.erb (57.3ms)
Completed 200 OK in 65ms (Views: 64.5ms | ActiveRecord: 0.0ms)


Started GET "/users/sign_in" for 127.0.0.1 at 2018-02-22 14:51:44 +0100
Processing by Devise::SessionsController#new as HTML
  Rendering devise/sessions/new.html.erb within layouts/application
  Rendered devise/shared/_links.html.erb (1.3ms)
  Rendered devise/sessions/new.html.erb within layouts/application (4.1ms)
  Rendered layouts/_head.html.erb (50.6ms)
Completed 200 OK in 61ms (Views: 59.5ms | ActiveRecord: 0.0ms)


Started GET "/users/sign_in" for 127.0.0.1 at 2018-02-22 14:52:24 +0100
Processing by Devise::SessionsController#new as HTML
  Rendering devise/sessions/new.html.erb within layouts/application
  Rendered devise/shared/_links.html.erb (1.0ms)
  Rendered devise/sessions/new.html.erb within layouts/application (3.3ms)
  Rendered layouts/_head.html.erb (72.4ms)
Completed 200 OK in 84ms (Views: 82.6ms | ActiveRecord: 0.0ms)


Started GET "/users/sign_in" for 127.0.0.1 at 2018-02-22 14:52:43 +0100
Processing by Devise::SessionsController#new as HTML
  Rendering devise/sessions/new.html.erb within layouts/application
  Rendered devise/shared/_links.html.erb (1.1ms)
  Rendered devise/sessions/new.html.erb within layouts/application (4.5ms)
  Rendered layouts/_head.html.erb (33.4ms)
Completed 200 OK in 44ms (Views: 42.9ms | ActiveRecord: 0.0ms)


Started GET "/" for 127.0.0.1 at 2018-02-22 14:52:51 +0100
Processing by HomeController#index as HTML
  Rendering home/index.html.erb within layouts/application
  Rendered home/index.html.erb within layouts/application (1.2ms)
  Rendered layouts/_head.html.erb (29.5ms)
Completed 200 OK in 36ms (Views: 34.7ms | ActiveRecord: 0.0ms)


Started GET "/users/sign_in" for 127.0.0.1 at 2018-02-22 14:52:56 +0100
Processing by Devise::SessionsController#new as HTML
  Rendering devise/sessions/new.html.erb within layouts/application
  Rendered devise/shared/_links.html.erb (2.0ms)
  Rendered devise/sessions/new.html.erb within layouts/application (8.4ms)
  Rendered layouts/_head.html.erb (37.9ms)
Completed 200 OK in 58ms (Views: 57.2ms | ActiveRecord: 0.0ms)


Started GET "/users/sign_in" for 127.0.0.1 at 2018-02-22 14:53:00 +0100
Processing by Devise::SessionsController#new as HTML
  Rendering devise/sessions/new.html.erb within layouts/application
  Rendered devise/shared/_links.html.erb (2.9ms)
  Rendered devise/sessions/new.html.erb within layouts/application (8.3ms)
  Rendered layouts/_head.html.erb (74.6ms)
Completed 200 OK in 102ms (Views: 100.0ms | ActiveRecord: 0.0ms)


Started GET "/users/sign_in" for 127.0.0.1 at 2018-02-22 14:53:26 +0100
Processing by Devise::SessionsController#new as HTML
  Rendering devise/sessions/new.html.erb within layouts/application
  Rendered devise/shared/_links.html.erb (1.1ms)
  Rendered devise/sessions/new.html.erb within layouts/application (4.6ms)
  Rendered layouts/_head.html.erb (32.3ms)
Completed 200 OK in 43ms (Views: 41.3ms | ActiveRecord: 0.0ms)


Started GET "/users/sign_in" for 127.0.0.1 at 2018-02-22 14:54:55 +0100
Processing by Devise::SessionsController#new as HTML
  Rendering devise/sessions/new.html.erb within layouts/application
  Rendered devise/shared/_links.html.erb (1.6ms)
  Rendered devise/sessions/new.html.erb within layouts/application (6.4ms)
  Rendered layouts/_head.html.erb (32.7ms)
Completed 200 OK in 51ms (Views: 46.0ms | ActiveRecord: 0.0ms)


Started GET "/" for 127.0.0.1 at 2018-02-22 14:55:14 +0100
Processing by HomeController#index as HTML
  Rendering home/index.html.erb within layouts/application
  Rendered home/index.html.erb within layouts/application (1.4ms)
  Rendered layouts/_head.html.erb (24.0ms)
Completed 200 OK in 35ms (Views: 33.5ms | ActiveRecord: 0.0ms)


Started GET "/users/sign_in" for 127.0.0.1 at 2018-02-22 14:55:24 +0100
Processing by Devise::SessionsController#new as HTML
  Rendering devise/sessions/new.html.erb within layouts/application
  Rendered devise/shared/_links.html.erb (1.0ms)
  Rendered devise/sessions/new.html.erb within layouts/application (5.5ms)
  Rendered layouts/_head.html.erb (26.1ms)
Completed 200 OK in 42ms (Views: 40.1ms | ActiveRecord: 0.0ms)


Started GET "/users/sign_in" for 127.0.0.1 at 2018-02-22 14:55:28 +0100
Processing by Devise::SessionsController#new as HTML
  Rendering devise/sessions/new.html.erb within layouts/application
  Rendered devise/shared/_links.html.erb (6.6ms)
  Rendered devise/sessions/new.html.erb within layouts/application (10.1ms)
  Rendered layouts/_head.html.erb (42.4ms)
Completed 200 OK in 69ms (Views: 62.0ms | ActiveRecord: 0.0ms)


Started GET "/users/sign_in" for 127.0.0.1 at 2018-02-22 14:57:58 +0100
Processing by Devise::SessionsController#new as HTML
  Rendering devise/sessions/new.html.erb within layouts/application
  Rendered devise/shared/_links.html.erb (1.3ms)
  Rendered devise/sessions/new.html.erb within layouts/application (5.0ms)
  Rendered layouts/_shim.html.erb (0.3ms)
  Rendered layouts/_head.html.erb (41.0ms)
Completed 200 OK in 57ms (Views: 54.5ms | ActiveRecord: 0.0ms)


Started GET "/users/sign_in" for 127.0.0.1 at 2018-02-22 14:58:06 +0100
Processing by Devise::SessionsController#new as HTML
  Rendering devise/sessions/new.html.erb within layouts/application
  Rendered devise/shared/_links.html.erb (1.9ms)
  Rendered devise/sessions/new.html.erb within layouts/application (7.0ms)
  Rendered layouts/_shim.html.erb (0.6ms)
  Rendered layouts/_head.html.erb (23.6ms)
Completed 200 OK in 39ms (Views: 38.3ms | ActiveRecord: 0.0ms)


Started GET "/users/sign_in" for 127.0.0.1 at 2018-02-22 15:01:02 +0100
Processing by Devise::SessionsController#new as HTML
  Rendering devise/sessions/new.html.erb within layouts/application
  Rendered devise/shared/_links.html.erb (2.9ms)
  Rendered devise/sessions/new.html.erb within layouts/application (15.0ms)
  Rendered layouts/_shim.html.erb (0.4ms)
  Rendered layouts/_head.html.erb (50.1ms)
Completed 200 OK in 71ms (Views: 69.7ms | ActiveRecord: 0.0ms)


Started GET "/users/sign_in" for 127.0.0.1 at 2018-02-22 15:02:03 +0100
Processing by Devise::SessionsController#new as HTML
  Rendering devise/sessions/new.html.erb within layouts/application
  Rendered devise/shared/_links.html.erb (1.8ms)
  Rendered devise/sessions/new.html.erb within layouts/application (4.9ms)
  Rendered layouts/_shim.html.erb (0.7ms)
  Rendered layouts/_head.html.erb (45.0ms)
Completed 200 OK in 57ms (Views: 55.6ms | ActiveRecord: 0.0ms)


Started GET "/users/sign_in" for 127.0.0.1 at 2018-02-22 15:05:37 +0100
Processing by Devise::SessionsController#new as HTML
  Rendering devise/sessions/new.html.erb within layouts/application
  Rendered devise/shared/_links.html.erb (1.1ms)
  Rendered devise/sessions/new.html.erb within layouts/application (4.9ms)
  Rendered layouts/_shim.html.erb (0.4ms)
  Rendered layouts/_head.html.erb (27.6ms)
Completed 200 OK in 49ms (Views: 45.1ms | ActiveRecord: 0.0ms)


Started GET "/" for 127.0.0.1 at 2018-02-22 15:06:04 +0100
Processing by HomeController#index as HTML
  Rendering home/index.html.erb within layouts/application
  Rendered home/index.html.erb within layouts/application (1.2ms)
  Rendered layouts/_shim.html.erb (0.4ms)
  Rendered layouts/_head.html.erb (35.8ms)
Completed 200 OK in 48ms (Views: 46.6ms | ActiveRecord: 0.0ms)


Started GET "/users/sign_in" for 127.0.0.1 at 2018-02-22 15:06:16 +0100
Processing by Devise::SessionsController#new as HTML
  Rendering devise/sessions/new.html.erb within layouts/application
  Rendered devise/shared/_links.html.erb (1.1ms)
  Rendered devise/sessions/new.html.erb within layouts/application (5.6ms)
  Rendered layouts/_shim.html.erb (0.4ms)
  Rendered layouts/_head.html.erb (104.6ms)
Completed 200 OK in 122ms (Views: 115.9ms | ActiveRecord: 0.0ms)


Started GET "/users/sign_in" for 127.0.0.1 at 2018-02-22 15:06:59 +0100
Processing by Devise::SessionsController#new as HTML
  Rendering devise/sessions/new.html.erb within layouts/application
  Rendered devise/shared/_links.html.erb (2.7ms)
  Rendered devise/sessions/new.html.erb within layouts/application (6.3ms)
  Rendered layouts/_shim.html.erb (0.3ms)
  Rendered layouts/_head.html.erb (30.1ms)
Completed 200 OK in 58ms (Views: 49.4ms | ActiveRecord: 0.0ms)


Started GET "/" for 127.0.0.1 at 2018-02-22 15:11:04 +0100
Processing by HomeController#index as HTML
  Rendering home/index.html.erb within layouts/application
  Rendered home/index.html.erb within layouts/application (1.4ms)
  Rendered layouts/_shim.html.erb (0.4ms)
  Rendered layouts/_head.html.erb (50.9ms)
Completed 200 OK in 61ms (Views: 59.1ms | ActiveRecord: 0.0ms)


Started GET "/users/sign_up" for 127.0.0.1 at 2018-02-22 15:11:06 +0100
Processing by Devise::RegistrationsController#new as HTML
  Rendering devise/registrations/new.html.erb within layouts/application
  Rendered devise/shared/_links.html.erb (9.4ms)
  Rendered devise/registrations/new.html.erb within layouts/application (16.2ms)
  Rendered layouts/_shim.html.erb (0.6ms)
  Rendered layouts/_head.html.erb (48.1ms)
Completed 200 OK in 83ms (Views: 78.7ms | ActiveRecord: 0.0ms)


Started GET "/users/sign_up" for 127.0.0.1 at 2018-02-22 15:13:06 +0100
  [1m[35m (0.4ms)[0m  [1m[34mSELECT "schema_migrations"."version" FROM "schema_migrations" ORDER BY "schema_migrations"."version" ASC[0m
Processing by Devise::RegistrationsController#new as HTML
  Rendering devise/registrations/new.html.erb within layouts/application
  Rendered devise/shared/_links.html.erb (1.8ms)
  Rendered devise/registrations/new.html.erb within layouts/application (29.2ms)
  Rendered layouts/_shim.html.erb (0.3ms)
  Rendered layouts/_head.html.erb (537.4ms)
  Rendered layouts/_header.html.erb (1.0ms)
Completed 200 OK in 659ms (Views: 613.4ms | ActiveRecord: 1.7ms)


Started GET "/users/sign_up" for 127.0.0.1 at 2018-02-22 15:15:03 +0100
Processing by Devise::RegistrationsController#new as HTML
  Rendering devise/registrations/new.html.erb within layouts/application
  Rendered devise/shared/_links.html.erb (2.1ms)
  Rendered devise/registrations/new.html.erb within layouts/application (5.6ms)
  Rendered layouts/_shim.html.erb (0.5ms)
  Rendered layouts/_head.html.erb (62.6ms)
  Rendered layouts/_header.html.erb (1.5ms)
Completed 200 OK in 112ms (Views: 80.2ms | ActiveRecord: 2.0ms)


Started GET "/users/sign_up" for 127.0.0.1 at 2018-02-22 15:16:31 +0100
Processing by Devise::RegistrationsController#new as HTML
  Rendering devise/registrations/new.html.erb within layouts/application
  Rendered devise/shared/_links.html.erb (19.3ms)
  Rendered devise/registrations/new.html.erb within layouts/application (26.2ms)
  Rendered layouts/_shim.html.erb (0.5ms)
  Rendered layouts/_head.html.erb (81.5ms)
  Rendered layouts/_header.html.erb (2.3ms)
Completed 200 OK in 125ms (Views: 122.2ms | ActiveRecord: 0.0ms)


Started GET "/" for 127.0.0.1 at 2018-02-22 15:19:39 +0100
  [1m[35m (1.3ms)[0m  [1m[34mSELECT "schema_migrations"."version" FROM "schema_migrations" ORDER BY "schema_migrations"."version" ASC[0m
Processing by HomeController#index as HTML
  Rendering home/index.html.erb within layouts/application
  Rendered home/index.html.erb within layouts/application (1.8ms)
  Rendered layouts/_shim.html.erb (0.4ms)
  Rendered layouts/_head.html.erb (15.8ms)
  Rendered layouts/_header.html.erb (5.0ms)
Completed 200 OK in 468ms (Views: 459.6ms | ActiveRecord: 0.0ms)


